<?xml version="1.0" encoding="UTF-8"?>
<testng-results ignored="0" total="9" passed="7" failed="2" skipped="0">
  <reporter-output>
  </reporter-output>
  <suite started-at="2026-04-29T20:36:51 IST" name="Default suite" finished-at="2026-04-29T20:38:23 IST" duration-ms="91374">
    <groups>
    </groups>
    <test started-at="2026-04-29T20:36:51 IST" name="Default test" finished-at="2026-04-29T20:38:23 IST" duration-ms="91374">
      <class name="tests.HerokuAppTest">
        <test-method is-config="true" signature="setUp()[pri:0, instance:tests.HerokuAppTest@2a65fe7c]" started-at="2026-04-29T20:36:51 IST" name="setUp" finished-at="2026-04-29T20:37:00 IST" duration-ms="8342" status="PASS">
          <reporter-output>
          </reporter-output>
        </test-method> <!-- setUp -->
        <test-method signature="testAlerts()[pri:0, instance:tests.HerokuAppTest@2a65fe7c]" started-at="2026-04-29T20:37:00 IST" name="testAlerts" finished-at="2026-04-29T20:37:01 IST" duration-ms="1079" status="PASS">
          <reporter-output>
          </reporter-output>
        </test-method> <!-- testAlerts -->
        <test-method is-config="true" signature="tearDown(org.testng.ITestResult)[pri:0, instance:tests.HerokuAppTest@2a65fe7c]" started-at="2026-04-29T20:37:01 IST" name="tearDown" finished-at="2026-04-29T20:37:01 IST" duration-ms="422" status="PASS">
          <params>
            <param index="0">
              <value>
                <![CDATA[[TestResult name=testAlerts status=SUCCESS method=HerokuAppTest.testAlerts()[pri:0, instance:tests.HerokuAppTest@2a65fe7c] output={null}]]]>
              </value>
            </param>
          </params>
          <reporter-output>
          </reporter-output>
        </test-method> <!-- tearDown -->
        <test-method is-config="true" signature="setUp()[pri:0, instance:tests.HerokuAppTest@2a65fe7c]" started-at="2026-04-29T20:37:01 IST" name="setUp" finished-at="2026-04-29T20:37:09 IST" duration-ms="7982" status="PASS">
          <reporter-output>
          </reporter-output>
        </test-method> <!-- setUp -->
        <test-method signature="testCheckbox()[pri:0, instance:tests.HerokuAppTest@2a65fe7c]" started-at="2026-04-29T20:37:09 IST" name="testCheckbox" finished-at="2026-04-29T20:37:10 IST" duration-ms="1063" status="PASS">
          <reporter-output>
          </reporter-output>
        </test-method> <!-- testCheckbox -->
        <test-method is-config="true" signature="tearDown(org.testng.ITestResult)[pri:0, instance:tests.HerokuAppTest@2a65fe7c]" started-at="2026-04-29T20:37:10 IST" name="tearDown" finished-at="2026-04-29T20:37:11 IST" duration-ms="313" status="PASS">
          <params>
            <param index="0">
              <value>
                <![CDATA[[TestResult name=testCheckbox status=SUCCESS method=HerokuAppTest.testCheckbox()[pri:0, instance:tests.HerokuAppTest@2a65fe7c] output={null}]]]>
              </value>
            </param>
          </params>
          <reporter-output>
          </reporter-output>
        </test-method> <!-- tearDown -->
        <test-method is-config="true" signature="setUp()[pri:0, instance:tests.HerokuAppTest@2a65fe7c]" started-at="2026-04-29T20:37:11 IST" name="setUp" finished-at="2026-04-29T20:37:20 IST" duration-ms="9924" status="PASS">
          <reporter-output>
          </reporter-output>
        </test-method> <!-- setUp -->
        <test-method signature="testDragAndDrop()[pri:0, instance:tests.HerokuAppTest@2a65fe7c]" started-at="2026-04-29T20:37:20 IST" name="testDragAndDrop" finished-at="2026-04-29T20:37:22 IST" duration-ms="1678" status="PASS">
          <reporter-output>
          </reporter-output>
        </test-method> <!-- testDragAndDrop -->
        <test-method is-config="true" signature="tearDown(org.testng.ITestResult)[pri:0, instance:tests.HerokuAppTest@2a65fe7c]" started-at="2026-04-29T20:37:22 IST" name="tearDown" finished-at="2026-04-29T20:37:23 IST" duration-ms="442" status="PASS">
          <params>
            <param index="0">
              <value>
                <![CDATA[[TestResult name=testDragAndDrop status=SUCCESS method=HerokuAppTest.testDragAndDrop()[pri:0, instance:tests.HerokuAppTest@2a65fe7c] output={null}]]]>
              </value>
            </param>
          </params>
          <reporter-output>
          </reporter-output>
        </test-method> <!-- tearDown -->
        <test-method is-config="true" signature="setUp()[pri:0, instance:tests.HerokuAppTest@2a65fe7c]" started-at="2026-04-29T20:37:23 IST" name="setUp" finished-at="2026-04-29T20:37:32 IST" duration-ms="9394" status="PASS">
          <reporter-output>
          </reporter-output>
        </test-method> <!-- setUp -->
        <test-method signature="testDropdown()[pri:0, instance:tests.HerokuAppTest@2a65fe7c]" started-at="2026-04-29T20:37:32 IST" name="testDropdown" finished-at="2026-04-29T20:37:33 IST" duration-ms="814" status="PASS">
          <reporter-output>
          </reporter-output>
        </test-method> <!-- testDropdown -->
        <test-method is-config="true" signature="tearDown(org.testng.ITestResult)[pri:0, instance:tests.HerokuAppTest@2a65fe7c]" started-at="2026-04-29T20:37:33 IST" name="tearDown" finished-at="2026-04-29T20:37:33 IST" duration-ms="351" status="PASS">
          <params>
            <param index="0">
              <value>
                <![CDATA[[TestResult name=testDropdown status=SUCCESS method=HerokuAppTest.testDropdown()[pri:0, instance:tests.HerokuAppTest@2a65fe7c] output={null}]]]>
              </value>
            </param>
          </params>
          <reporter-output>
          </reporter-output>
        </test-method> <!-- tearDown -->
        <test-method is-config="true" signature="setUp()[pri:0, instance:tests.HerokuAppTest@2a65fe7c]" started-at="2026-04-29T20:37:33 IST" name="setUp" finished-at="2026-04-29T20:37:39 IST" duration-ms="5858" status="PASS">
          <reporter-output>
          </reporter-output>
        </test-method> <!-- setUp -->
        <test-method signature="testDynamicControls()[pri:0, instance:tests.HerokuAppTest@2a65fe7c]" started-at="2026-04-29T20:37:39 IST" name="testDynamicControls" finished-at="2026-04-29T20:37:47 IST" duration-ms="7685" status="FAIL">
          <exception class="java.lang.AssertionError">
            <message>
              <![CDATA[Input box is not enabled expected [true] but found [false]]]>
            </message>
            <full-stacktrace>
              <![CDATA[java.lang.AssertionError: Input box is not enabled expected [true] but found [false]
at org.testng.Assert.fail(Assert.java:111)
at org.testng.Assert.failNotEquals(Assert.java:1578)
at org.testng.Assert.assertTrue(Assert.java:57)
at tests.HerokuAppTest.testDynamicControls(HerokuAppTest.java:101)
at java.base/jdk.internal.reflect.DirectMethodHandleAccessor.invoke(DirectMethodHandleAccessor.java:103)
at java.base/java.lang.reflect.Method.invoke(Method.java:580)
at org.testng.internal.invokers.MethodInvocationHelper.invokeMethod(MethodInvocationHelper.java:141)
at org.testng.internal.invokers.TestInvoker.invokeMethod(TestInvoker.java:686)
at org.testng.internal.invokers.TestInvoker.invokeTestMethod(TestInvoker.java:230)
at org.testng.internal.invokers.MethodRunner.runInSequence(MethodRunner.java:63)
at org.testng.internal.invokers.TestInvoker$MethodInvocationAgent.invoke(TestInvoker.java:992)
at org.testng.internal.invokers.TestInvoker.invokeTestMethods(TestInvoker.java:203)
at org.testng.internal.invokers.TestMethodWorker.invokeTestMethods(TestMethodWorker.java:154)
at org.testng.internal.invokers.TestMethodWorker.run(TestMethodWorker.java:134)
at java.base/java.util.ArrayList.forEach(ArrayList.java:1596)
at org.testng.TestRunner.privateRun(TestRunner.java:739)
at org.testng.TestRunner.run(TestRunner.java:614)
at org.testng.SuiteRunner.runTest(SuiteRunner.java:421)
at org.testng.SuiteRunner.runSequentially(SuiteRunner.java:413)
at org.testng.SuiteRunner.privateRun(SuiteRunner.java:373)
at org.testng.SuiteRunner.run(SuiteRunner.java:312)
at org.testng.SuiteRunnerWorker.runSuite(SuiteRunnerWorker.java:52)
at org.testng.SuiteRunnerWorker.run(SuiteRunnerWorker.java:95)
at org.testng.TestNG.runSuitesSequentially(TestNG.java:1274)
at org.testng.TestNG.runSuitesLocally(TestNG.java:1208)
at org.testng.TestNG.runSuites(TestNG.java:1112)
at org.testng.TestNG.run(TestNG.java:1079)
at org.testng.remote.AbstractRemoteTestNG.run(AbstractRemoteTestNG.java:115)
at org.testng.remote.RemoteTestNG.initAndRun(RemoteTestNG.java:293)
at org.testng.remote.RemoteTestNG.main(RemoteTestNG.java:91)
]]>
            </full-stacktrace>
          </exception> <!-- java.lang.AssertionError -->
          <reporter-output>
          </reporter-output>
        </test-method> <!-- testDynamicControls -->
        <test-method is-config="true" signature="tearDown(org.testng.ITestResult)[pri:0, instance:tests.HerokuAppTest@2a65fe7c]" started-at="2026-04-29T20:37:47 IST" name="tearDown" finished-at="2026-04-29T20:37:47 IST" duration-ms="583" status="PASS">
          <params>
            <param index="0">
              <value>
                <![CDATA[[TestResult name=testDynamicControls status=FAILURE method=HerokuAppTest.testDynamicControls()[pri:0, instance:tests.HerokuAppTest@2a65fe7c] output={null}]]]>
              </value>
            </param>
          </params>
          <reporter-output>
          </reporter-output>
        </test-method> <!-- tearDown -->
        <test-method is-config="true" signature="setUp()[pri:0, instance:tests.HerokuAppTest@2a65fe7c]" started-at="2026-04-29T20:37:47 IST" name="setUp" finished-at="2026-04-29T20:37:53 IST" duration-ms="5699" status="PASS">
          <reporter-output>
          </reporter-output>
        </test-method> <!-- setUp -->
        <test-method signature="testFileUpload()[pri:0, instance:tests.HerokuAppTest@2a65fe7c]" started-at="2026-04-29T20:37:53 IST" name="testFileUpload" finished-at="2026-04-29T20:37:55 IST" duration-ms="1690" status="PASS">
          <reporter-output>
          </reporter-output>
        </test-method> <!-- testFileUpload -->
        <test-method is-config="true" signature="tearDown(org.testng.ITestResult)[pri:0, instance:tests.HerokuAppTest@2a65fe7c]" started-at="2026-04-29T20:37:55 IST" name="tearDown" finished-at="2026-04-29T20:37:55 IST" duration-ms="297" status="PASS">
          <params>
            <param index="0">
              <value>
                <![CDATA[[TestResult name=testFileUpload status=SUCCESS method=HerokuAppTest.testFileUpload()[pri:0, instance:tests.HerokuAppTest@2a65fe7c] output={null}]]]>
              </value>
            </param>
          </params>
          <reporter-output>
          </reporter-output>
        </test-method> <!-- tearDown -->
        <test-method is-config="true" signature="setUp()[pri:0, instance:tests.HerokuAppTest@2a65fe7c]" started-at="2026-04-29T20:37:55 IST" name="setUp" finished-at="2026-04-29T20:38:02 IST" duration-ms="6695" status="PASS">
          <reporter-output>
          </reporter-output>
        </test-method> <!-- setUp -->
        <test-method signature="testIframe()[pri:0, instance:tests.HerokuAppTest@2a65fe7c]" started-at="2026-04-29T20:38:02 IST" name="testIframe" finished-at="2026-04-29T20:38:04 IST" duration-ms="2706" status="FAIL">
          <exception class="org.openqa.selenium.InvalidElementStateException">
            <message>
              <![CDATA[invalid element state
  (Session info: chrome=147.0.7727.103)
Build info: version: '4.25.0', revision: '8a8aea2337'
System info: os.name: 'Windows 11', os.arch: 'amd64', os.version: '10.0', java.version: '21.0.8'
Driver info: org.openqa.selenium.chrome.ChromeDriver
Command: [fef4a7733efc93476286f7e6bf0e99ed, clearElement {id=f.DA54D401ACFFEC72521AACF153408393.d.D29A785ED4A57DD9F07B8F0BE9563E62.e.19}]
Capabilities {acceptInsecureCerts: false, browserName: chrome, browserVersion: 147.0.7727.103, chrome: {chromedriverVersion: 147.0.7727.117 (474cc805edd..., userDataDir: C:\Users\win\AppData\Local\...}, fedcm:accounts: true, goog:chromeOptions: {debuggerAddress: localhost:50312}, goog:processID: 16284, networkConnectionEnabled: false, pageLoadStrategy: normal, platformName: windows, proxy: Proxy(), se:cdp: ws://localhost:50312/devtoo..., se:cdpVersion: 147.0.7727.103, setWindowRect: true, strictFileInteractability: false, timeouts: {implicit: 0, pageLoad: 300000, script: 30000}, unhandledPromptBehavior: dismiss and notify, webauthn:extension:credBlob: true, webauthn:extension:largeBlob: true, webauthn:extension:minPinLength: true, webauthn:extension:prf: true, webauthn:virtualAuthenticators: true}
Element: [[ChromeDriver: chrome on windows (fef4a7733efc93476286f7e6bf0e99ed)] -> id: tinymce]
Session ID: fef4a7733efc93476286f7e6bf0e99ed]]>
            </message>
            <full-stacktrace>
              <![CDATA[org.openqa.selenium.InvalidElementStateException: invalid element state
  (Session info: chrome=147.0.7727.103)
Build info: version: '4.25.0', revision: '8a8aea2337'
System info: os.name: 'Windows 11', os.arch: 'amd64', os.version: '10.0', java.version: '21.0.8'
Driver info: org.openqa.selenium.chrome.ChromeDriver
Command: [fef4a7733efc93476286f7e6bf0e99ed, clearElement {id=f.DA54D401ACFFEC72521AACF153408393.d.D29A785ED4A57DD9F07B8F0BE9563E62.e.19}]
Capabilities {acceptInsecureCerts: false, browserName: chrome, browserVersion: 147.0.7727.103, chrome: {chromedriverVersion: 147.0.7727.117 (474cc805edd..., userDataDir: C:\Users\win\AppData\Local\...}, fedcm:accounts: true, goog:chromeOptions: {debuggerAddress: localhost:50312}, goog:processID: 16284, networkConnectionEnabled: false, pageLoadStrategy: normal, platformName: windows, proxy: Proxy(), se:cdp: ws://localhost:50312/devtoo..., se:cdpVersion: 147.0.7727.103, setWindowRect: true, strictFileInteractability: false, timeouts: {implicit: 0, pageLoad: 300000, script: 30000}, unhandledPromptBehavior: dismiss and notify, webauthn:extension:credBlob: true, webauthn:extension:largeBlob: true, webauthn:extension:minPinLength: true, webauthn:extension:prf: true, webauthn:virtualAuthenticators: true}
Element: [[ChromeDriver: chrome on windows (fef4a7733efc93476286f7e6bf0e99ed)] -> id: tinymce]
Session ID: fef4a7733efc93476286f7e6bf0e99ed
at java.base/jdk.internal.reflect.DirectConstructorHandleAccessor.newInstance(DirectConstructorHandleAccessor.java:62)
at java.base/java.lang.reflect.Constructor.newInstanceWithCaller(Constructor.java:502)
at java.base/java.lang.reflect.Constructor.newInstance(Constructor.java:486)
at org.openqa.selenium.remote.ErrorCodec.decode(ErrorCodec.java:167)
at org.openqa.selenium.remote.codec.w3c.W3CHttpResponseCodec.decode(W3CHttpResponseCodec.java:138)
at org.openqa.selenium.remote.codec.w3c.W3CHttpResponseCodec.decode(W3CHttpResponseCodec.java:50)
at org.openqa.selenium.remote.HttpCommandExecutor.execute(HttpCommandExecutor.java:190)
at org.openqa.selenium.remote.service.DriverCommandExecutor.invokeExecute(DriverCommandExecutor.java:216)
at org.openqa.selenium.remote.service.DriverCommandExecutor.execute(DriverCommandExecutor.java:174)
at org.openqa.selenium.remote.RemoteWebDriver.execute(RemoteWebDriver.java:545)
at org.openqa.selenium.remote.RemoteWebElement.execute(RemoteWebElement.java:223)
at org.openqa.selenium.remote.RemoteWebElement.clear(RemoteWebElement.java:129)
at pages.IframePage.clearText(IframePage.java:30)
at tests.HerokuAppTest.testIframe(HerokuAppTest.java:153)
at java.base/jdk.internal.reflect.DirectMethodHandleAccessor.invoke(DirectMethodHandleAccessor.java:103)
at java.base/java.lang.reflect.Method.invoke(Method.java:580)
at org.testng.internal.invokers.MethodInvocationHelper.invokeMethod(MethodInvocationHelper.java:141)
at org.testng.internal.invokers.TestInvoker.invokeMethod(TestInvoker.java:686)
at org.testng.internal.invokers.TestInvoker.invokeTestMethod(TestInvoker.java:230)
at org.testng.internal.invokers.MethodRunner.runInSequence(MethodRunner.java:63)
at org.testng.internal.invokers.TestInvoker$MethodInvocationAgent.invoke(TestInvoker.java:992)
at org.testng.internal.invokers.TestInvoker.invokeTestMethods(TestInvoker.java:203)
at org.testng.internal.invokers.TestMethodWorker.invokeTestMethods(TestMethodWorker.java:154)
at org.testng.internal.invokers.TestMethodWorker.run(TestMethodWorker.java:134)
at java.base/java.util.ArrayList.forEach(ArrayList.java:1596)
at org.testng.TestRunner.privateRun(TestRunner.java:739)
at org.testng.TestRunner.run(TestRunner.java:614)
at org.testng.SuiteRunner.runTest(SuiteRunner.java:421)
at org.testng.SuiteRunner.runSequentially(SuiteRunner.java:413)
at org.testng.SuiteRunner.privateRun(SuiteRunner.java:373)
at org.testng.SuiteRunner.run(SuiteRunner.java:312)
at org.testng.SuiteRunnerWorker.runSuite(SuiteRunnerWorker.java:52)
at org.testng.SuiteRunnerWorker.run(SuiteRunnerWorker.java:95)
at org.testng.TestNG.runSuitesSequentially(TestNG.java:1274)
at org.testng.TestNG.runSuitesLocally(TestNG.java:1208)
at org.testng.TestNG.runSuites(TestNG.java:1112)
at org.testng.TestNG.run(TestNG.java:1079)
at org.testng.remote.AbstractRemoteTestNG.run(AbstractRemoteTestNG.java:115)
at org.testng.remote.RemoteTestNG.initAndRun(RemoteTestNG.java:293)
at org.testng.remote.RemoteTestNG.main(RemoteTestNG.java:91)
]]>
            </full-stacktrace>
          </exception> <!-- org.openqa.selenium.InvalidElementStateException -->
          <reporter-output>
          </reporter-output>
        </test-method> <!-- testIframe -->
        <test-method is-config="true" signature="tearDown(org.testng.ITestResult)[pri:0, instance:tests.HerokuAppTest@2a65fe7c]" started-at="2026-04-29T20:38:04 IST" name="tearDown" finished-at="2026-04-29T20:38:05 IST" duration-ms="432" status="PASS">
          <params>
            <param index="0">
              <value>
                <![CDATA[[TestResult name=testIframe status=FAILURE method=HerokuAppTest.testIframe()[pri:0, instance:tests.HerokuAppTest@2a65fe7c] output={null}]]]>
              </value>
            </param>
          </params>
          <reporter-output>
          </reporter-output>
        </test-method> <!-- tearDown -->
        <test-method is-config="true" signature="setUp()[pri:0, instance:tests.HerokuAppTest@2a65fe7c]" started-at="2026-04-29T20:38:05 IST" name="setUp" finished-at="2026-04-29T20:38:11 IST" duration-ms="5655" status="PASS">
          <reporter-output>
          </reporter-output>
        </test-method> <!-- setUp -->
        <test-method signature="testInvalidLogin()[pri:0, instance:tests.HerokuAppTest@2a65fe7c]" started-at="2026-04-29T20:38:11 IST" name="testInvalidLogin" finished-at="2026-04-29T20:38:13 IST" duration-ms="2091" status="PASS">
          <reporter-output>
          </reporter-output>
        </test-method> <!-- testInvalidLogin -->
        <test-method is-config="true" signature="tearDown(org.testng.ITestResult)[pri:0, instance:tests.HerokuAppTest@2a65fe7c]" started-at="2026-04-29T20:38:13 IST" name="tearDown" finished-at="2026-04-29T20:38:13 IST" duration-ms="354" status="PASS">
          <params>
            <param index="0">
              <value>
                <![CDATA[[TestResult name=testInvalidLogin status=SUCCESS method=HerokuAppTest.testInvalidLogin()[pri:0, instance:tests.HerokuAppTest@2a65fe7c] output={null}]]]>
              </value>
            </param>
          </params>
          <reporter-output>
          </reporter-output>
        </test-method> <!-- tearDown -->
        <test-method is-config="true" signature="setUp()[pri:0, instance:tests.HerokuAppTest@2a65fe7c]" started-at="2026-04-29T20:38:13 IST" name="setUp" finished-at="2026-04-29T20:38:20 IST" duration-ms="7129" status="PASS">
          <reporter-output>
          </reporter-output>
        </test-method> <!-- setUp -->
        <test-method signature="testValidLogin()[pri:0, instance:tests.HerokuAppTest@2a65fe7c]" started-at="2026-04-29T20:38:20 IST" name="testValidLogin" finished-at="2026-04-29T20:38:22 IST" duration-ms="2162" status="PASS">
          <reporter-output>
          </reporter-output>
        </test-method> <!-- testValidLogin -->
        <test-method is-config="true" signature="tearDown(org.testng.ITestResult)[pri:0, instance:tests.HerokuAppTest@2a65fe7c]" started-at="2026-04-29T20:38:22 IST" name="tearDown" finished-at="2026-04-29T20:38:23 IST" duration-ms="331" status="PASS">
          <params>
            <param index="0">
              <value>
                <![CDATA[[TestResult name=testValidLogin status=SUCCESS method=HerokuAppTest.testValidLogin()[pri:0, instance:tests.HerokuAppTest@2a65fe7c] output={null}]]]>
              </value>
            </param>
          </params>
          <reporter-output>
          </reporter-output>
        </test-method> <!-- tearDown -->
      </class> <!-- tests.HerokuAppTest -->
    </test> <!-- Default test -->
  </suite> <!-- Default suite -->
</testng-results>
